12:28:55.649 [main] INFO  test_Cases.TS_2 - All the available options in bookshelf is printed after applying the filters.***
12:28:58.380 [main] INFO  test_Cases.TS_2 - All the sub-menus under collections is printed.
12:28:58.381 [main] INFO  test_Cases.TS_2 - ***TS_2 test case passed successfully.....***
12:30:24.245 [main] INFO  test_Cases.TS_1 - ***Starting TS_1 Test ***
12:30:27.577 [main] INFO  test_Cases.TS_1 - Clicked on Bookshelves.
12:30:31.041 [main] INFO  test_Cases.TS_1 - Clicked on popup.
12:30:34.628 [main] INFO  test_Cases.TS_1 - Price range is Selected By using the slider.
12:30:36.164 [main] INFO  test_Cases.TS_1 - Storage type open is selected by hovering on Storage type.
12:30:36.432 [main] INFO  test_Cases.TS_1 - Out of stock products are excluded.
12:30:41.888 [main] INFO  test_Cases.TS_1 - Getting top three Bookshelves info.
12:30:41.888 [main] INFO  test_Cases.TS_1 - ***TS_1 test case passed successfully.....***
12:30:56.110 [main] INFO  test_Cases.TS_2 - ***Starting TS_2 Test ***
12:30:58.974 [main] INFO  test_Cases.TS_2 - Clicked on Bookshelves.
12:31:02.055 [main] INFO  test_Cases.TS_2 - Clicked on popup.
12:31:05.577 [main] INFO  test_Cases.TS_2 - Price range is Selected By using the slider.
12:31:06.933 [main] INFO  test_Cases.TS_2 - Storage type open is selected by hovering on Storage type.
12:31:07.790 [main] INFO  test_Cases.TS_2 - Out of stack products are excluded.
12:31:08.999 [main] INFO  test_Cases.TS_2 - Brand by "The Home Dekor" is selected.
12:31:10.450 [main] INFO  test_Cases.TS_2 - All the available options in bookshelf is printed after applying the filters.***
12:31:13.099 [main] INFO  test_Cases.TS_2 - All the sub-menus under collections is printed.
12:31:13.099 [main] INFO  test_Cases.TS_2 - ***TS_2 test case passed successfully.....***
12:42:11.070 [main] INFO  test_Cases.TS_Login - ***Starting Login Test ***
12:42:12.430 [main] INFO  test_Cases.TS_Login - Clicking on login.... 
12:42:14.716 [main] INFO  test_Cases.TS_Login - Providing email id...
12:42:14.932 [main] INFO  test_Cases.TS_Login - Providing password...
12:42:15.562 [main] INFO  test_Cases.TS_Login - Login successful....
12:42:19.544 [main] INFO  test_Cases.TS_Login - Error Message Printed
12:42:23.220 [main] INFO  test_Cases.TS_Login - ***Starting Login Test ***
12:42:24.510 [main] INFO  test_Cases.TS_Login - Clicking on login.... 
12:45:19.952 [main] INFO  test_Cases.TS_Login - ***Starting Login Test ***
12:45:21.417 [main] INFO  test_Cases.TS_Login - Clicking on login.... 
12:45:23.918 [main] INFO  test_Cases.TS_Login - Providing email id...
12:45:24.087 [main] INFO  test_Cases.TS_Login - Providing password...
12:45:25.064 [main] INFO  test_Cases.TS_Login - Login successful....
12:45:28.605 [main] INFO  test_Cases.TS_Login - Error Message Printed
12:45:32.018 [main] INFO  test_Cases.TS_Login - ***Starting Login Test ***
12:45:33.344 [main] INFO  test_Cases.TS_Login - Clicking on login.... 
12:45:51.494 [main] INFO  test_Cases.TS_1 - ***Starting TS_1 Test ***
12:45:54.709 [main] INFO  test_Cases.TS_1 - Clicked on Bookshelves.
12:45:58.205 [main] INFO  test_Cases.TS_1 - Clicked on popup.
12:46:02.188 [main] INFO  test_Cases.TS_1 - Price range is Selected By using the slider.
12:46:03.844 [main] INFO  test_Cases.TS_1 - Storage type open is selected by hovering on Storage type.
12:46:04.062 [main] INFO  test_Cases.TS_1 - Out of stock products are excluded.
12:46:08.477 [main] INFO  test_Cases.TS_1 - Getting top three Bookshelves info.
12:46:08.477 [main] INFO  test_Cases.TS_1 - ***TS_1 test case passed successfully.....***
12:46:22.597 [main] INFO  test_Cases.TS_2 - ***Starting TS_2 Test ***
12:46:25.722 [main] INFO  test_Cases.TS_2 - Clicked on Bookshelves.
12:46:28.572 [main] INFO  test_Cases.TS_2 - Clicked on popup.
12:46:32.655 [main] INFO  test_Cases.TS_2 - Price range is Selected By using the slider.
12:46:33.957 [main] INFO  test_Cases.TS_2 - Storage type open is selected by hovering on Storage type.
12:46:34.394 [main] INFO  test_Cases.TS_2 - Out of stack products are excluded.
12:46:35.897 [main] INFO  test_Cases.TS_2 - Brand by "The Home Dekor" is selected.
12:46:37.124 [main] INFO  test_Cases.TS_2 - All the available options in bookshelf is printed after applying the filters.***
12:46:39.587 [main] INFO  test_Cases.TS_2 - All the sub-menus under collections is printed.
12:46:39.587 [main] INFO  test_Cases.TS_2 - ***TS_2 test case passed successfully.....***
12:46:54.963 [main] INFO  test_Cases.TS_3 - ***Starting TS_3 Test ***
12:46:54.963 [main] INFO  test_Cases.TS_3 - Navigating to homepage.
12:46:59.899 [main] INFO  test_Cases.TS_3 - Navigating to giftCards page.
12:47:01.094 [main] INFO  test_Cases.TS_3 - Clicking on Birthday And Anniversary Option.
12:47:01.860 [main] INFO  test_Cases.TS_3 - Amount is Entered.
12:47:02.741 [main] INFO  test_Cases.TS_3 - Date is Selected.
12:47:03.006 [main] INFO  test_Cases.TS_3 - Next button is Selected.
